#
# There is insufficient memory for the Java Runtime Environment to continue.
# Native memory allocation (malloc) failed to allocate 1706688 bytes for Chunk::new
# Possible reasons:
#   The system is out of physical RAM or swap space
#   The process is running with CompressedOops enabled, and the Java Heap may be blocking the growth of the native heap
# Possible solutions:
#   Reduce memory load on the system
#   Increase physical memory or swap space
#   Check if swap backing store is full
#   Decrease Java heap size (-Xmx/-Xms)
#   Decrease number of Java threads
#   Decrease Java thread stack sizes (-Xss)
#   Set larger code cache with -XX:ReservedCodeCacheSize=
#   JVM is running with Unscaled Compressed Oops mode in which the Java heap is
#     placed in the first 4GB address space. The Java Heap base address is the
#     maximum limit for the native heap growth. Please use -XX:HeapBaseMinAddress
#     to set the Java Heap base and to place the Java Heap above 4GB virtual address.
# This output file may be truncated or incomplete.
#
#  Out of Memory Error (arena.cpp:189), pid=9252, tid=15968
#
# JRE version: Java(TM) SE Runtime Environment (17.0.9+11) (build 17.0.9+11-LTS-201)
# Java VM: Java HotSpot(TM) 64-Bit Server VM (17.0.9+11-LTS-201, mixed mode, sharing, tiered, compressed oops, compressed class ptrs, g1 gc, windows-amd64)
# No core dump will be written. Minidumps are not enabled by default on client versions of Windows
#

---------------  S U M M A R Y ------------

Command Line: -javaagent:C:\Program Files\JetBrains\IntelliJ IDEA Community Edition 2023.3.2\intelij\IntelliJ IDEA Community Edition 2023.3.2\lib\idea_rt.jar=7881:C:\Program Files\JetBrains\IntelliJ IDEA Community Edition 2023.3.2\intelij\IntelliJ IDEA Community Edition 2023.3.2\bin -Dfile.encoding=UTF-8 com.apigateway.ApiGatewayApplication

Host: Intel(R) Core(TM) i5-6200U CPU @ 2.30GHz, 4 cores, 7G,  Windows 10 , 64 bit Build 17763 (10.0.17763.1)
Time: Thu Feb 15 15:26:06 2024 India Standard Time elapsed time: 80.366222 seconds (0d 0h 1m 20s)

---------------  T H R E A D  ---------------

Current thread (0x00000175bf0081b0):  JavaThread "C2 CompilerThread0" daemon [_thread_in_native, id=15968, stack(0x00000041f2b00000,0x00000041f2c00000)]


Current CompileTask:
C2:  80367 5514       4       org.springframework.core.ResolvableType::as (86 bytes)

Stack: [0x00000041f2b00000,0x00000041f2c00000]
Native frames: (J=compiled Java code, j=interpreted, Vv=VM code, C=native code)
V  [jvm.dll+0x678a4a]
V  [jvm.dll+0x7d9cfd]
V  [jvm.dll+0x7db60e]
V  [jvm.dll+0x7dbc73]
V  [jvm.dll+0x245e1f]
V  [jvm.dll+0xaaafb]
V  [jvm.dll+0xab09c]
V  [jvm.dll+0x36237e]
V  [jvm.dll+0x32ca01]
V  [jvm.dll+0x32be9a]
V  [jvm.dll+0x21812f]
V  [jvm.dll+0x217561]
V  [jvm.dll+0x1a3bc0]
V  [jvm.dll+0x2272de]
V  [jvm.dll+0x22548b]
V  [jvm.dll+0x78f58c]
V  [jvm.dll+0x78998a]
V  [jvm.dll+0x677875]
C  [ucrtbase.dll+0x203ba]
C  [KERNEL32.DLL+0x17e94]
C  [ntdll.dll+0x67ad1]


---------------  P R O C E S S  ---------------

Threads class SMR info:
_java_thread_list=0x00000176065cfac0, length=29, elements={
0x00000175beff06d0, 0x00000175beff1350, 0x00000175bf002ff0, 0x00000175bf0049c0,
0x00000175bf005f40, 0x00000175bf006900, 0x00000175bf0081b0, 0x00000175bf00d9d0,
0x00000175bf01daa0, 0x00000175bf1ce260, 0x00000175bf6e44f0, 0x00000175bf6dd4e0,
0x000001760544ea10, 0x000001760544bc80, 0x000001760544b770, 0x000001760544cbb0,
0x000001760544d0c0, 0x000001760544dae0, 0x00000175bf1eaee0, 0x00000175bf1ee690,
0x00000175bf1ebe10, 0x00000175bf1e9aa0, 0x00000175bf1edc70, 0x00000175bf1e8150,
0x00000175bf1ec320, 0x00000175bf1ecd40, 0x00000175bf1ed250, 0x00000175bf1eb3f0,
0x00000175bf1ea4c0
}

Java Threads: ( => current thread )
  0x00000175beff06d0 JavaThread "Reference Handler" daemon [_thread_blocked, id=1924, stack(0x00000041f2500000,0x00000041f2600000)]
  0x00000175beff1350 JavaThread "Finalizer" daemon [_thread_blocked, id=13016, stack(0x00000041f2600000,0x00000041f2700000)]
  0x00000175bf002ff0 JavaThread "Signal Dispatcher" daemon [_thread_blocked, id=15972, stack(0x00000041f2700000,0x00000041f2800000)]
  0x00000175bf0049c0 JavaThread "Attach Listener" daemon [_thread_blocked, id=9416, stack(0x00000041f2800000,0x00000041f2900000)]
  0x00000175bf005f40 JavaThread "Service Thread" daemon [_thread_blocked, id=13436, stack(0x00000041f2900000,0x00000041f2a00000)]
  0x00000175bf006900 JavaThread "Monitor Deflation Thread" daemon [_thread_blocked, id=3224, stack(0x00000041f2a00000,0x00000041f2b00000)]
=>0x00000175bf0081b0 JavaThread "C2 CompilerThread0" daemon [_thread_in_native, id=15968, stack(0x00000041f2b00000,0x00000041f2c00000)]
  0x00000175bf00d9d0 JavaThread "C1 CompilerThread0" daemon [_thread_blocked, id=6820, stack(0x00000041f2c00000,0x00000041f2d00000)]
  0x00000175bf01daa0 JavaThread "Sweeper thread" daemon [_thread_blocked, id=14584, stack(0x00000041f2d00000,0x00000041f2e00000)]
  0x00000175bf1ce260 JavaThread "Common-Cleaner" daemon [_thread_blocked, id=11944, stack(0x00000041f2e00000,0x00000041f2f00000)]
  0x00000175bf6e44f0 JavaThread "Monitor Ctrl-Break" daemon [_thread_in_native, id=7568, stack(0x00000041f2f00000,0x00000041f3000000)]
  0x00000175bf6dd4e0 JavaThread "Notification Thread" daemon [_thread_blocked, id=15128, stack(0x00000041f3000000,0x00000041f3100000)]
  0x000001760544ea10 JavaThread "boundedElastic-evictor-1" daemon [_thread_blocked, id=8428, stack(0x00000041f3200000,0x00000041f3300000)]
  0x000001760544bc80 JavaThread "spring.cloud.inetutils" daemon [_thread_blocked, id=15432, stack(0x00000041f3700000,0x00000041f3800000)]
  0x000001760544b770 JavaThread "AsyncResolver-bootstrap-0" daemon [_thread_blocked, id=13840, stack(0x00000041f3800000,0x00000041f3900000)]
  0x000001760544cbb0 JavaThread "DiscoveryClient-0" daemon [_thread_blocked, id=3676, stack(0x00000041f3a00000,0x00000041f3b00000)]
  0x000001760544d0c0 JavaThread "DiscoveryClient-1" daemon [_thread_blocked, id=10392, stack(0x00000041f3b00000,0x00000041f3c00000)]
  0x000001760544dae0 JavaThread "DiscoveryClient-InstanceInfoReplicator-0" daemon [_thread_blocked, id=9092, stack(0x00000041f3c00000,0x00000041f3d00000)]
  0x00000175bf1eaee0 JavaThread "reactor-http-nio-1" daemon [_thread_in_native, id=2968, stack(0x00000041f3d00000,0x00000041f3e00000)]
  0x00000175bf1ee690 JavaThread "server" [_thread_blocked, id=10728, stack(0x00000041f3e00000,0x00000041f3f00000)]
  0x00000175bf1ebe10 JavaThread "DestroyJavaVM" [_thread_blocked, id=13428, stack(0x00000041f1e00000,0x00000041f1f00000)]
  0x00000175bf1e9aa0 JavaThread "DiscoveryClient-CacheRefreshExecutor-0" daemon [_thread_blocked, id=11268, stack(0x00000041f4100000,0x00000041f4200000)]
  0x00000175bf1edc70 JavaThread "DiscoveryClient-HeartbeatExecutor-0" daemon [_thread_blocked, id=14392, stack(0x00000041f4200000,0x00000041f4300000)]
  0x00000175bf1e8150 JavaThread "reactor-http-nio-2" daemon [_thread_in_native, id=8716, stack(0x00000041f1b00000,0x00000041f1c00000)]
  0x00000175bf1ec320 JavaThread "reactor-http-nio-3" daemon [_thread_in_native, id=6800, stack(0x00000041f1c00000,0x00000041f1d00000)]
  0x00000175bf1ecd40 JavaThread "parallel-1" daemon [_thread_blocked, id=5072, stack(0x00000041f4300000,0x00000041f4400000)]
  0x00000175bf1ed250 JavaThread "pool-11-thread-1" daemon [_thread_blocked, id=13152, stack(0x00000041f4400000,0x00000041f4500000)]
  0x00000175bf1eb3f0 JavaThread "reactor-http-nio-4" daemon [_thread_in_native, id=15420, stack(0x00000041f4500000,0x00000041f4600000)]
  0x00000175bf1ea4c0 JavaThread "Thread-7" daemon [_thread_in_native, id=9840, stack(0x00000041f4600000,0x00000041f4700000)]

Other Threads:
  0x00000175befeac00 VMThread "VM Thread" [stack: 0x00000041f2400000,0x00000041f2500000] [id=16032]
  0x00000175a1c60eb0 WatcherThread [stack: 0x00000041f3100000,0x00000041f3200000] [id=5352]
  0x00000175a1c47cf0 GCTaskThread "GC Thread#0" [stack: 0x00000041f1f00000,0x00000041f2000000] [id=14304]
  0x00000176050615e0 GCTaskThread "GC Thread#1" [stack: 0x00000041f3300000,0x00000041f3400000] [id=4600]
  0x00000175bfb96060 GCTaskThread "GC Thread#2" [stack: 0x00000041f3400000,0x00000041f3500000] [id=16156]
  0x00000175bfb96320 GCTaskThread "GC Thread#3" [stack: 0x00000041f3500000,0x00000041f3600000] [id=3384]
  0x00000175a1c58a90 ConcurrentGCThread "G1 Main Marker" [stack: 0x00000041f2000000,0x00000041f2100000] [id=9184]
  0x00000175a1c5a060 ConcurrentGCThread "G1 Conc#0" [stack: 0x00000041f2100000,0x00000041f2200000] [id=7256]
  0x00000175a1cae1e0 ConcurrentGCThread "G1 Refine#0" [stack: 0x00000041f2200000,0x00000041f2300000] [id=10360]
  0x00000175bf0482e0 ConcurrentGCThread "G1 Refine#1" [stack: 0x00000041f3600000,0x00000041f3700000] [id=1884]
  0x00000175a1caeb10 ConcurrentGCThread "G1 Service" [stack: 0x00000041f2300000,0x00000041f2400000] [id=5788]

Threads with active compile tasks:
C2 CompilerThread0    80439 5514       4       org.springframework.core.ResolvableType::as (86 bytes)

VM state: not at safepoint (normal execution)

VM Mutex/Monitor currently owned by a thread: None

Heap address: 0x0000000088e00000, size: 1906 MB, Compressed Oops mode: 32-bit

CDS archive(s) mapped at: [0x00000175c0000000-0x00000175c0bd0000-0x00000175c0bd0000), size 12386304, SharedBaseAddress: 0x00000175c0000000, ArchiveRelocationMode: 1.
Compressed class space mapped at: 0x00000175c1000000-0x0000017601000000, reserved size: 1073741824
Narrow klass base: 0x00000175c0000000, Narrow klass shift: 0, Narrow klass range: 0x100000000

GC Precious Log:
 CPUs: 4 total, 4 available
 Memory: 7619M
 Large Page Support: Disabled
 NUMA Support: Disabled
 Compressed Oops: Enabled (32-bit)
 Heap Region Size: 1M
 Heap Min Capacity: 8M
 Heap Initial Capacity: 120M
 Heap Max Capacity: 1906M
 Pre-touch: Disabled
 Parallel Workers: 4
 Concurrent Workers: 1
 Concurrent Refinement Workers: 4
 Periodic GC: Disabled

Heap:
 garbage-first heap   total 87040K, used 54464K [0x0000000088e00000, 0x0000000100000000)
  region size 1024K, 32 young (32768K), 1 survivors (1024K)
 Metaspace       used 48437K, committed 48896K, reserved 1114112K
  class space    used 6464K, committed 6656K, reserved 1048576K

Heap Regions: E=young(eden), S=young(survivor), O=old, HS=humongous(starts), HC=humongous(continues), CS=collection set, F=free, OA=open archive, CA=closed archive, TAMS=top-at-mark-start (previous, next)
|   0|0x0000000088e00000, 0x0000000088f00000, 0x0000000088f00000|100%|HS|  |TAMS 0x0000000088f00000, 0x0000000088e00000| Complete 
|   1|0x0000000088f00000, 0x0000000089000000, 0x0000000089000000|100%| O|  |TAMS 0x0000000089000000, 0x0000000088f00000| Untracked 
|   2|0x0000000089000000, 0x0000000089100000, 0x0000000089100000|100%| O|  |TAMS 0x0000000089100000, 0x0000000089000000| Untracked 
|   3|0x0000000089100000, 0x0000000089200000, 0x0000000089200000|100%| O|  |TAMS 0x0000000089200000, 0x0000000089100000| Untracked 
|   4|0x0000000089200000, 0x0000000089300000, 0x0000000089300000|100%| O|  |TAMS 0x0000000089300000, 0x0000000089200000| Untracked 
|   5|0x0000000089300000, 0x0000000089400000, 0x0000000089400000|100%| O|  |TAMS 0x0000000089400000, 0x0000000089300000| Untracked 
|   6|0x0000000089400000, 0x0000000089500000, 0x0000000089500000|100%| O|  |TAMS 0x0000000089400000, 0x0000000089400000| Untracked 
|   7|0x0000000089500000, 0x0000000089600000, 0x0000000089600000|100%| O|  |TAMS 0x0000000089600000, 0x0000000089500000| Untracked 
|   8|0x0000000089600000, 0x0000000089700000, 0x0000000089700000|100%| O|  |TAMS 0x0000000089700000, 0x0000000089600000| Untracked 
|   9|0x0000000089700000, 0x0000000089800000, 0x0000000089800000|100%| O|  |TAMS 0x0000000089800000, 0x0000000089700000| Untracked 
|  10|0x0000000089800000, 0x0000000089900000, 0x0000000089900000|100%| O|  |TAMS 0x0000000089900000, 0x0000000089800000| Untracked 
|  11|0x0000000089900000, 0x0000000089a00000, 0x0000000089a00000|100%| O|  |TAMS 0x0000000089a00000, 0x0000000089900000| Untracked 
|  12|0x0000000089a00000, 0x0000000089b00000, 0x0000000089b00000|100%| O|  |TAMS 0x0000000089b00000, 0x0000000089a00000| Untracked 
|  13|0x0000000089b00000, 0x0000000089c00000, 0x0000000089c00000|100%| O|  |TAMS 0x0000000089c00000, 0x0000000089b00000| Untracked 
|  14|0x0000000089c00000, 0x0000000089d00000, 0x0000000089d00000|100%| O|  |TAMS 0x0000000089d00000, 0x0000000089c00000| Untracked 
|  15|0x0000000089d00000, 0x0000000089e00000, 0x0000000089e00000|100%| O|  |TAMS 0x0000000089e00000, 0x0000000089d00000| Untracked 
|  16|0x0000000089e00000, 0x0000000089e00000, 0x0000000089f00000|  0%| F|  |TAMS 0x0000000089e00000, 0x0000000089e00000| Untracked 
|  17|0x0000000089f00000, 0x000000008a000000, 0x000000008a000000|100%| O|  |TAMS 0x0000000089f00000, 0x0000000089f00000| Untracked 
|  18|0x000000008a000000, 0x000000008a100000, 0x000000008a100000|100%| O|  |TAMS 0x000000008a000000, 0x000000008a000000| Untracked 
|  19|0x000000008a100000, 0x000000008a200000, 0x000000008a200000|100%| O|  |TAMS 0x000000008a100000, 0x000000008a100000| Untracked 
|  20|0x000000008a200000, 0x000000008a300000, 0x000000008a300000|100%| O|  |TAMS 0x000000008a200000, 0x000000008a200000| Untracked 
|  21|0x000000008a300000, 0x000000008a400000, 0x000000008a400000|100%| O|  |TAMS 0x000000008a300000, 0x000000008a300000| Untracked 
|  22|0x000000008a400000, 0x000000008a500000, 0x000000008a500000|100%| O|  |TAMS 0x000000008a400000, 0x000000008a400000| Untracked 
|  23|0x000000008a500000, 0x000000008a57d200, 0x000000008a600000| 48%| O|  |TAMS 0x000000008a500000, 0x000000008a500000| Untracked 
|  24|0x000000008a600000, 0x000000008a600000, 0x000000008a700000|  0%| F|  |TAMS 0x000000008a600000, 0x000000008a600000| Untracked 
|  25|0x000000008a700000, 0x000000008a700000, 0x000000008a800000|  0%| F|  |TAMS 0x000000008a700000, 0x000000008a700000| Untracked 
|  26|0x000000008a800000, 0x000000008a800000, 0x000000008a900000|  0%| F|  |TAMS 0x000000008a800000, 0x000000008a800000| Untracked 
|  27|0x000000008a900000, 0x000000008a900000, 0x000000008aa00000|  0%| F|  |TAMS 0x000000008a900000, 0x000000008a900000| Untracked 
|  28|0x000000008aa00000, 0x000000008aa00000, 0x000000008ab00000|  0%| F|  |TAMS 0x000000008aa00000, 0x000000008aa00000| Untracked 
|  29|0x000000008ab00000, 0x000000008ab00000, 0x000000008ac00000|  0%| F|  |TAMS 0x000000008ab00000, 0x000000008ab00000| Untracked 
|  30|0x000000008ac00000, 0x000000008ac00000, 0x000000008ad00000|  0%| F|  |TAMS 0x000000008ac00000, 0x000000008ac00000| Untracked 
|  31|0x000000008ad00000, 0x000000008ad00000, 0x000000008ae00000|  0%| F|  |TAMS 0x000000008ad00000, 0x000000008ad00000| Untracked 
|  32|0x000000008ae00000, 0x000000008ae00000, 0x000000008af00000|  0%| F|  |TAMS 0x000000008ae00000, 0x000000008ae00000| Untracked 
|  33|0x000000008af00000, 0x000000008af00000, 0x000000008b000000|  0%| F|  |TAMS 0x000000008af00000, 0x000000008af00000| Untracked 
|  34|0x000000008b000000, 0x000000008b000000, 0x000000008b100000|  0%| F|  |TAMS 0x000000008b000000, 0x000000008b000000| Untracked 
|  35|0x000000008b100000, 0x000000008b100000, 0x000000008b200000|  0%| F|  |TAMS 0x000000008b100000, 0x000000008b100000| Untracked 
|  36|0x000000008b200000, 0x000000008b200000, 0x000000008b300000|  0%| F|  |TAMS 0x000000008b200000, 0x000000008b200000| Untracked 
|  37|0x000000008b300000, 0x000000008b300000, 0x000000008b400000|  0%| F|  |TAMS 0x000000008b300000, 0x000000008b300000| Untracked 
|  38|0x000000008b400000, 0x000000008b400000, 0x000000008b500000|  0%| F|  |TAMS 0x000000008b400000, 0x000000008b400000| Untracked 
|  39|0x000000008b500000, 0x000000008b500000, 0x000000008b600000|  0%| F|  |TAMS 0x000000008b500000, 0x000000008b500000| Untracked 
|  40|0x000000008b600000, 0x000000008b600000, 0x000000008b700000|  0%| F|  |TAMS 0x000000008b600000, 0x000000008b600000| Untracked 
|  41|0x000000008b700000, 0x000000008b700000, 0x000000008b800000|  0%| F|  |TAMS 0x000000008b700000, 0x000000008b700000| Untracked 
|  42|0x000000008b800000, 0x000000008b800000, 0x000000008b900000|  0%| F|  |TAMS 0x000000008b800000, 0x000000008b800000| Untracked 
|  43|0x000000008b900000, 0x000000008b900000, 0x000000008ba00000|  0%| F|  |TAMS 0x000000008b900000, 0x000000008b900000| Untracked 
|  44|0x000000008ba00000, 0x000000008ba00000, 0x000000008bb00000|  0%| F|  |TAMS 0x000000008ba00000, 0x000000008ba00000| Untracked 
|  45|0x000000008bb00000, 0x000000008bb00000, 0x000000008bc00000|  0%| F|  |TAMS 0x000000008bb00000, 0x000000008bb00000| Untracked 
|  46|0x000000008bc00000, 0x000000008bc00000, 0x000000008bd00000|  0%| F|  |TAMS 0x000000008bc00000, 0x000000008bc00000| Untracked 
|  47|0x000000008bd00000, 0x000000008bd00000, 0x000000008be00000|  0%| F|  |TAMS 0x000000008bd00000, 0x000000008bd00000| Untracked 
|  48|0x000000008be00000, 0x000000008be00000, 0x000000008bf00000|  0%| F|  |TAMS 0x000000008be00000, 0x000000008be00000| Untracked 
|  49|0x000000008bf00000, 0x000000008bf00000, 0x000000008c000000|  0%| F|  |TAMS 0x000000008bf00000, 0x000000008bf00000| Untracked 
|  50|0x000000008c000000, 0x000000008c000000, 0x000000008c100000|  0%| F|  |TAMS 0x000000008c000000, 0x000000008c000000| Untracked 
|  51|0x000000008c100000, 0x000000008c100000, 0x000000008c200000|  0%| F|  |TAMS 0x000000008c100000, 0x000000008c100000| Untracked 
|  52|0x000000008c200000, 0x000000008c200000, 0x000000008c300000|  0%| F|  |TAMS 0x000000008c200000, 0x000000008c200000| Untracked 
|  53|0x000000008c300000, 0x000000008c400000, 0x000000008c400000|100%| E|  |TAMS 0x000000008c300000, 0x000000008c300000| Complete 
|  54|0x000000008c400000, 0x000000008c500000, 0x000000008c500000|100%| E|CS|TAMS 0x000000008c400000, 0x000000008c400000| Complete 
|  55|0x000000008c500000, 0x000000008c600000, 0x000000008c600000|100%| E|CS|TAMS 0x000000008c500000, 0x000000008c500000| Complete 
|  56|0x000000008c600000, 0x000000008c700000, 0x000000008c700000|100%| E|CS|TAMS 0x000000008c600000, 0x000000008c600000| Complete 
|  57|0x000000008c700000, 0x000000008c800000, 0x000000008c800000|100%| E|CS|TAMS 0x000000008c700000, 0x000000008c700000| Complete 
|  58|0x000000008c800000, 0x000000008c900000, 0x000000008c900000|100%| E|CS|TAMS 0x000000008c800000, 0x000000008c800000| Complete 
|  59|0x000000008c900000, 0x000000008ca00000, 0x000000008ca00000|100%| E|CS|TAMS 0x000000008c900000, 0x000000008c900000| Complete 
|  60|0x000000008ca00000, 0x000000008cb00000, 0x000000008cb00000|100%| E|CS|TAMS 0x000000008ca00000, 0x000000008ca00000| Complete 
|  61|0x000000008cb00000, 0x000000008cc00000, 0x000000008cc00000|100%| E|CS|TAMS 0x000000008cb00000, 0x000000008cb00000| Complete 
|  62|0x000000008cc00000, 0x000000008cd00000, 0x000000008cd00000|100%| E|CS|TAMS 0x000000008cc00000, 0x000000008cc00000| Complete 
|  63|0x000000008cd00000, 0x000000008ce00000, 0x000000008ce00000|100%| E|CS|TAMS 0x000000008cd00000, 0x000000008cd00000| Complete 
|  64|0x000000008ce00000, 0x000000008cf00000, 0x000000008cf00000|100%| E|CS|TAMS 0x000000008ce00000, 0x000000008ce00000| Complete 
|  65|0x000000008cf00000, 0x000000008d000000, 0x000000008d000000|100%| E|CS|TAMS 0x000000008cf00000, 0x000000008cf00000| Complete 
|  66|0x000000008d000000, 0x000000008d100000, 0x000000008d100000|100%| E|CS|TAMS 0x000000008d000000, 0x000000008d000000| Complete 
|  67|0x000000008d100000, 0x000000008d200000, 0x000000008d200000|100%| E|CS|TAMS 0x000000008d100000, 0x000000008d100000| Complete 
|  68|0x000000008d200000, 0x000000008d300000, 0x000000008d300000|100%| E|CS|TAMS 0x000000008d200000, 0x000000008d200000| Complete 
|  69|0x000000008d300000, 0x000000008d400000, 0x000000008d400000|100%| E|CS|TAMS 0x000000008d300000, 0x000000008d300000| Complete 
|  70|0x000000008d400000, 0x000000008d500000, 0x000000008d500000|100%| E|CS|TAMS 0x000000008d400000, 0x000000008d400000| Complete 
|  71|0x000000008d500000, 0x000000008d600000, 0x000000008d600000|100%| E|CS|TAMS 0x000000008d500000, 0x000000008d500000| Complete 
|  72|0x000000008d600000, 0x000000008d700000, 0x000000008d700000|100%| E|CS|TAMS 0x000000008d600000, 0x000000008d600000| Complete 
|  73|0x000000008d700000, 0x000000008d800000, 0x000000008d800000|100%| E|CS|TAMS 0x000000008d700000, 0x000000008d700000| Complete 
|  74|0x000000008d800000, 0x000000008d900000, 0x000000008d900000|100%| E|CS|TAMS 0x000000008d800000, 0x000000008d800000| Complete 
|  75|0x000000008d900000, 0x000000008da00000, 0x000000008da00000|100%| E|CS|TAMS 0x000000008d900000, 0x000000008d900000| Complete 
|  76|0x000000008da00000, 0x000000008db00000, 0x000000008db00000|100%| E|CS|TAMS 0x000000008da00000, 0x000000008da00000| Complete 
|  77|0x000000008db00000, 0x000000008dc00000, 0x000000008dc00000|100%| E|CS|TAMS 0x000000008db00000, 0x000000008db00000| Complete 
|  78|0x000000008dc00000, 0x000000008dd00000, 0x000000008dd00000|100%| E|CS|TAMS 0x000000008dc00000, 0x000000008dc00000| Complete 
|  79|0x000000008dd00000, 0x000000008de00000, 0x000000008de00000|100%| E|CS|TAMS 0x000000008dd00000, 0x000000008dd00000| Complete 
|  80|0x000000008de00000, 0x000000008df00000, 0x000000008df00000|100%| E|CS|TAMS 0x000000008de00000, 0x000000008de00000| Complete 
|  81|0x000000008df00000, 0x000000008e000000, 0x000000008e000000|100%| E|CS|TAMS 0x000000008df00000, 0x000000008df00000| Complete 
| 117|0x0000000090300000, 0x0000000090400000, 0x0000000090400000|100%| E|CS|TAMS 0x0000000090300000, 0x0000000090300000| Complete 
| 118|0x0000000090400000, 0x00000000904b2e70, 0x0000000090500000| 69%| S|CS|TAMS 0x0000000090400000, 0x0000000090400000| Complete 
| 119|0x0000000090500000, 0x0000000090600000, 0x0000000090600000|100%| E|CS|TAMS 0x0000000090500000, 0x0000000090500000| Complete 

Card table byte_map: [0x00000175b8840000,0x00000175b8c00000] _byte_map_base: 0x00000175b83f9000

Marking Bits (Prev, Next): (CMBitMap*) 0x00000175a1c49320, (CMBitMap*) 0x00000175a1c49360
 Prev Bits: [0x00000175b8fc0000, 0x00000175bad88000)
 Next Bits: [0x00000175bad90000, 0x00000175bcb58000)

Polling page: 0x000001759fb10000

Metaspace:

Usage:
  Non-class:     40.99 MB used.
      Class:      6.31 MB used.
       Both:     47.30 MB used.

Virtual space:
  Non-class space:       64.00 MB reserved,      41.25 MB ( 64%) committed,  1 nodes.
      Class space:        1.00 GB reserved,       6.50 MB ( <1%) committed,  1 nodes.
             Both:        1.06 GB reserved,      47.75 MB (  4%) committed. 

Chunk freelists:
   Non-Class:  6.20 MB
       Class:  9.44 MB
        Both:  15.64 MB

MaxMetaspaceSize: unlimited
CompressedClassSpaceSize: 1.00 GB
Initial GC threshold: 21.00 MB
Current GC threshold: 59.19 MB
CDS: on
MetaspaceReclaimPolicy: balanced
 - commit_granule_bytes: 65536.
 - commit_granule_words: 8192.
 - virtual_space_node_default_size: 8388608.
 - enlarge_chunks_in_place: 1.
 - new_chunks_are_fully_committed: 0.
 - uncommit_free_chunks: 1.
 - use_allocation_guard: 0.
 - handle_deallocations: 1.


Internal statistics:

num_allocs_failed_limit: 6.
num_arena_births: 624.
num_arena_deaths: 0.
num_vsnodes_births: 2.
num_vsnodes_deaths: 0.
num_space_committed: 764.
num_space_uncommitted: 0.
num_chunks_returned_to_freelist: 6.
num_chunks_taken_from_freelist: 2309.
num_chunk_merges: 3.
num_chunk_splits: 1624.
num_chunks_enlarged: 1252.
num_inconsistent_stats: 0.

CodeHeap 'non-profiled nmethods': size=120000Kb used=3002Kb max_used=3002Kb free=116997Kb
 bounds [0x00000175b0f50000, 0x00000175b1260000, 0x00000175b8480000]
CodeHeap 'profiled nmethods': size=120000Kb used=9763Kb max_used=10686Kb free=110236Kb
 bounds [0x00000175a9480000, 0x00000175a9ef0000, 0x00000175b09b0000]
CodeHeap 'non-nmethods': size=5760Kb used=1294Kb max_used=1368Kb free=4466Kb
 bounds [0x00000175b09b0000, 0x00000175b0c20000, 0x00000175b0f50000]
 total_blobs=5398 nmethods=4778 adapters=532
 compilation: enabled
              stopped_count=0, restarted_count=0
 full_count=0

Compilation events (20 events):
Event: 80.176 Thread 0x00000175bf00d9d0 nmethod 5506 0x00000175a9886510 code [0x00000175a98866e0, 0x00000175a98869f8]
Event: 80.176 Thread 0x00000175bf00d9d0 5507       3       java.nio.charset.CoderResult::isOverflow (14 bytes)
Event: 80.176 Thread 0x00000175bf00d9d0 nmethod 5507 0x00000175a9886190 code [0x00000175a9886320, 0x00000175a9886498]
Event: 80.176 Thread 0x00000175bf00d9d0 5508       1       org.apache.hc.core5.util.CharArrayBuffer::length (5 bytes)
Event: 80.176 Thread 0x00000175bf00d9d0 nmethod 5508 0x00000175b0fbc690 code [0x00000175b0fbc820, 0x00000175b0fbc8f8]
Event: 80.189 Thread 0x00000175bf00d9d0 5509       3       com.fasterxml.jackson.core.json.UTF8StreamJsonParser::nextToken (534 bytes)
Event: 80.192 Thread 0x00000175bf00d9d0 nmethod 5509 0x00000175a94ddd90 code [0x00000175a94de2c0, 0x00000175a94e0848]
Event: 80.192 Thread 0x00000175bf00d9d0 5510       3       com.fasterxml.jackson.core.base.ParserMinimalBase::hasToken (14 bytes)
Event: 80.192 Thread 0x00000175bf00d9d0 nmethod 5510 0x00000175a9885e10 code [0x00000175a9885fa0, 0x00000175a9886118]
Event: 80.192 Thread 0x00000175bf00d9d0 5511       1       com.fasterxml.jackson.databind.DeserializationFeature::getMask (5 bytes)
Event: 80.192 Thread 0x00000175bf00d9d0 nmethod 5511 0x00000175b0fbc390 code [0x00000175b0fbc520, 0x00000175b0fbc5f8]
Event: 80.193 Thread 0x00000175bf00d9d0 5512   !   3       jdk.proxy2.$Proxy79::annotationType (29 bytes)
Event: 80.194 Thread 0x00000175bf00d9d0 nmethod 5512 0x00000175a96ca810 code [0x00000175a96ca9e0, 0x00000175a96cadd8]
Event: 80.194 Thread 0x00000175bf00d9d0 5513       1       org.springframework.boot.context.properties.bind.Binder$Context::getDepth (5 bytes)
Event: 80.194 Thread 0x00000175bf00d9d0 nmethod 5513 0x00000175b0fbc090 code [0x00000175b0fbc220, 0x00000175b0fbc2f8]
Event: 80.194 Thread 0x00000175bf0081b0 5514       4       org.springframework.core.ResolvableType::as (86 bytes)
Event: 80.195 Thread 0x00000175bf00d9d0 5515       3       java.util.concurrent.atomic.AtomicLongFieldUpdater$CASUpdater::accessCheck (17 bytes)
Event: 80.195 Thread 0x00000175bf00d9d0 nmethod 5515 0x00000175a96ca390 code [0x00000175a96ca540, 0x00000175a96ca708]
Event: 80.195 Thread 0x00000175bf00d9d0 5516       1       org.springframework.context.event.SimpleApplicationEventMulticaster::getErrorHandler (5 bytes)
Event: 80.196 Thread 0x00000175bf00d9d0 nmethod 5516 0x00000175b0fbbd90 code [0x00000175b0fbbf20, 0x00000175b0fbbff8]

GC Heap History (20 events):
Event: 2.443 GC heap before
{Heap before GC invocations=1 (full 0):
 garbage-first heap   total 122880K, used 16145K [0x0000000088e00000, 0x0000000100000000)
  region size 1024K, 11 young (11264K), 2 survivors (2048K)
 Metaspace       used 5318K, committed 5440K, reserved 1114112K
  class space    used 596K, committed 640K, reserved 1048576K
}
Event: 2.450 GC heap after
{Heap after GC invocations=2 (full 0):
 garbage-first heap   total 122880K, used 7848K [0x0000000088e00000, 0x0000000100000000)
  region size 1024K, 1 young (1024K), 1 survivors (1024K)
 Metaspace       used 5318K, committed 5440K, reserved 1114112K
  class space    used 596K, committed 640K, reserved 1048576K
}
Event: 4.979 GC heap before
{Heap before GC invocations=2 (full 0):
 garbage-first heap   total 122880K, used 29352K [0x0000000088e00000, 0x0000000100000000)
  region size 1024K, 23 young (23552K), 1 survivors (1024K)
 Metaspace       used 10690K, committed 10944K, reserved 1114112K
  class space    used 1334K, committed 1472K, reserved 1048576K
}
Event: 4.986 GC heap after
{Heap after GC invocations=3 (full 0):
 garbage-first heap   total 122880K, used 9331K [0x0000000088e00000, 0x0000000100000000)
  region size 1024K, 3 young (3072K), 3 survivors (3072K)
 Metaspace       used 10690K, committed 10944K, reserved 1114112K
  class space    used 1334K, committed 1472K, reserved 1048576K
}
Event: 8.482 GC heap before
{Heap before GC invocations=3 (full 0):
 garbage-first heap   total 122880K, used 73843K [0x0000000088e00000, 0x0000000100000000)
  region size 1024K, 68 young (69632K), 3 survivors (3072K)
 Metaspace       used 21277K, committed 21504K, reserved 1114112K
  class space    used 2702K, committed 2816K, reserved 1048576K
}
Event: 8.496 GC heap after
{Heap after GC invocations=4 (full 0):
 garbage-first heap   total 122880K, used 13804K [0x0000000088e00000, 0x0000000100000000)
  region size 1024K, 7 young (7168K), 7 survivors (7168K)
 Metaspace       used 21277K, committed 21504K, reserved 1114112K
  class space    used 2702K, committed 2816K, reserved 1048576K
}
Event: 10.433 GC heap before
{Heap before GC invocations=5 (full 0):
 garbage-first heap   total 58368K, used 41452K [0x0000000088e00000, 0x0000000100000000)
  region size 1024K, 34 young (34816K), 7 survivors (7168K)
 Metaspace       used 27269K, committed 27648K, reserved 1114112K
  class space    used 3574K, committed 3776K, reserved 1048576K
}
Event: 10.458 GC heap after
{Heap after GC invocations=6 (full 0):
 garbage-first heap   total 58368K, used 15872K [0x0000000088e00000, 0x0000000100000000)
  region size 1024K, 3 young (3072K), 3 survivors (3072K)
 Metaspace       used 27269K, committed 27648K, reserved 1114112K
  class space    used 3574K, committed 3776K, reserved 1048576K
}
Event: 10.492 GC heap before
{Heap before GC invocations=6 (full 0):
 garbage-first heap   total 58368K, used 16896K [0x0000000088e00000, 0x0000000100000000)
  region size 1024K, 4 young (4096K), 3 survivors (3072K)
 Metaspace       used 27406K, committed 27840K, reserved 1114112K
  class space    used 3589K, committed 3776K, reserved 1048576K
}
Event: 10.498 GC heap after
{Heap after GC invocations=7 (full 0):
 garbage-first heap   total 58368K, used 16435K [0x0000000088e00000, 0x0000000100000000)
  region size 1024K, 1 young (1024K), 1 survivors (1024K)
 Metaspace       used 27406K, committed 27840K, reserved 1114112K
  class space    used 3589K, committed 3776K, reserved 1048576K
}
Event: 13.111 GC heap before
{Heap before GC invocations=7 (full 0):
 garbage-first heap   total 58368K, used 39987K [0x0000000088e00000, 0x0000000100000000)
  region size 1024K, 24 young (24576K), 1 survivors (1024K)
 Metaspace       used 30523K, committed 30912K, reserved 1114112K
  class space    used 3970K, committed 4160K, reserved 1048576K
}
Event: 13.119 GC heap after
{Heap after GC invocations=8 (full 0):
 garbage-first heap   total 58368K, used 17485K [0x0000000088e00000, 0x0000000100000000)
  region size 1024K, 2 young (2048K), 2 survivors (2048K)
 Metaspace       used 30523K, committed 30912K, reserved 1114112K
  class space    used 3970K, committed 4160K, reserved 1048576K
}
Event: 17.511 GC heap before
{Heap before GC invocations=8 (full 0):
 garbage-first heap   total 58368K, used 42061K [0x0000000088e00000, 0x0000000100000000)
  region size 1024K, 26 young (26624K), 2 survivors (2048K)
 Metaspace       used 33813K, committed 34240K, reserved 1114112K
  class space    used 4488K, committed 4672K, reserved 1048576K
}
Event: 17.524 GC heap after
{Heap after GC invocations=9 (full 0):
 garbage-first heap   total 58368K, used 19304K [0x0000000088e00000, 0x0000000100000000)
  region size 1024K, 4 young (4096K), 4 survivors (4096K)
 Metaspace       used 33813K, committed 34240K, reserved 1114112K
  class space    used 4488K, committed 4672K, reserved 1048576K
}
Event: 18.325 GC heap before
{Heap before GC invocations=9 (full 0):
 garbage-first heap   total 58368K, used 23400K [0x0000000088e00000, 0x0000000100000000)
  region size 1024K, 9 young (9216K), 4 survivors (4096K)
 Metaspace       used 35779K, committed 36160K, reserved 1114112K
  class space    used 4741K, committed 4928K, reserved 1048576K
}
Event: 18.337 GC heap after
{Heap after GC invocations=10 (full 0):
 garbage-first heap   total 58368K, used 19958K [0x0000000088e00000, 0x0000000100000000)
  region size 1024K, 3 young (3072K), 3 survivors (3072K)
 Metaspace       used 35779K, committed 36160K, reserved 1114112K
  class space    used 4741K, committed 4928K, reserved 1048576K
}
Event: 19.993 GC heap before
{Heap before GC invocations=11 (full 0):
 garbage-first heap   total 58368K, used 42486K [0x0000000088e00000, 0x0000000100000000)
  region size 1024K, 26 young (26624K), 3 survivors (3072K)
 Metaspace       used 41335K, committed 41728K, reserved 1114112K
  class space    used 5494K, committed 5696K, reserved 1048576K
}
Event: 20.009 GC heap after
{Heap after GC invocations=12 (full 0):
 garbage-first heap   total 58368K, used 23333K [0x0000000088e00000, 0x0000000100000000)
  region size 1024K, 4 young (4096K), 4 survivors (4096K)
 Metaspace       used 41335K, committed 41728K, reserved 1114112K
  class space    used 5494K, committed 5696K, reserved 1048576K
}
Event: 20.141 GC heap before
{Heap before GC invocations=12 (full 0):
 garbage-first heap   total 58368K, used 23333K [0x0000000088e00000, 0x0000000100000000)
  region size 1024K, 5 young (5120K), 4 survivors (4096K)
 Metaspace       used 41614K, committed 41984K, reserved 1114112K
  class space    used 5522K, committed 5696K, reserved 1048576K
}
Event: 20.158 GC heap after
{Heap after GC invocations=13 (full 0):
 garbage-first heap   total 87040K, used 23744K [0x0000000088e00000, 0x0000000100000000)
  region size 1024K, 1 young (1024K), 1 survivors (1024K)
 Metaspace       used 41614K, committed 41984K, reserved 1114112K
  class space    used 5522K, committed 5696K, reserved 1048576K
}

Deoptimization events (20 events):
Event: 74.922 Thread 0x00000175bf1ec320 Uncommon trap: trap_request=0xffffffc6 fr.pc=0x00000175b11968b4 relative=0x00000000000007d4
Event: 74.922 Thread 0x00000175bf1ec320 Uncommon trap: reason=bimorphic_or_optimized_type_check action=maybe_recompile pc=0x00000175b11968b4 method=java.util.HashMap.putVal(ILjava/lang/Object;Ljava/lang/Object;ZZ)Ljava/lang/Object; @ 253 c2
Event: 74.922 Thread 0x00000175bf1ec320 DEOPT PACKING pc=0x00000175b11968b4 sp=0x00000041f1cf9cd0
Event: 74.922 Thread 0x00000175bf1ec320 DEOPT UNPACKING pc=0x00000175b0a023a3 sp=0x00000041f1cf9c80 mode 2
Event: 75.088 Thread 0x00000175bf1ec320 Uncommon trap: trap_request=0xffffff45 fr.pc=0x00000175b1229304 relative=0x0000000000000b64
Event: 75.088 Thread 0x00000175bf1ec320 Uncommon trap: reason=unstable_if action=reinterpret pc=0x00000175b1229304 method=java.io.BufferedReader.readLine(Z[Z)Ljava/lang/String; @ 168 c2
Event: 75.088 Thread 0x00000175bf1ec320 DEOPT PACKING pc=0x00000175b1229304 sp=0x00000041f1cf8c90
Event: 75.088 Thread 0x00000175bf1ec320 DEOPT UNPACKING pc=0x00000175b0a023a3 sp=0x00000041f1cf8c38 mode 2
Event: 75.092 Thread 0x00000175bf1ec320 Uncommon trap: trap_request=0xffffff45 fr.pc=0x00000175b0f60e38 relative=0x0000000000000038
Event: 75.093 Thread 0x00000175bf1ec320 Uncommon trap: reason=unstable_if action=reinterpret pc=0x00000175b0f60e38 method=java.lang.StringLatin1.canEncode(I)Z @ 4 c2
Event: 75.093 Thread 0x00000175bf1ec320 DEOPT PACKING pc=0x00000175b0f60e38 sp=0x00000041f1cf8a90
Event: 75.093 Thread 0x00000175bf1ec320 DEOPT UNPACKING pc=0x00000175b0a023a3 sp=0x00000041f1cf8a20 mode 2
Event: 75.093 Thread 0x00000175bf1ec320 Uncommon trap: trap_request=0xffffff45 fr.pc=0x00000175b0f6b670 relative=0x0000000000000170
Event: 75.093 Thread 0x00000175bf1ec320 Uncommon trap: reason=unstable_if action=reinterpret pc=0x00000175b0f6b670 method=java.lang.String.isLatin1()Z @ 10 c2
Event: 75.093 Thread 0x00000175bf1ec320 DEOPT PACKING pc=0x00000175b0f6b670 sp=0x00000041f1cf8d20
Event: 75.093 Thread 0x00000175bf1ec320 DEOPT UNPACKING pc=0x00000175b0a023a3 sp=0x00000041f1cf8bf0 mode 2
Event: 78.268 Thread 0x00000175bf1ec320 Uncommon trap: trap_request=0xffffff66 fr.pc=0x00000175b119e4ec relative=0x00000000000002ec
Event: 78.268 Thread 0x00000175bf1ec320 Uncommon trap: reason=speculate_class_check action=maybe_recompile pc=0x00000175b119e4ec method=java.util.function.BiPredicate.lambda$or$2(Ljava/util/function/BiPredicate;Ljava/lang/Object;Ljava/lang/Object;)Z @ 3 c2
Event: 78.268 Thread 0x00000175bf1ec320 DEOPT PACKING pc=0x00000175b119e4ec sp=0x00000041f1cfe320
Event: 78.268 Thread 0x00000175bf1ec320 DEOPT UNPACKING pc=0x00000175b0a023a3 sp=0x00000041f1cfe268 mode 2

Classes unloaded (0 events):
No events

Classes redefined (0 events):
No events

Internal exceptions (20 events):
Event: 74.598 Thread 0x00000175bf1ec320 Exception <a 'java/lang/NoSuchMethodError'{0x000000008d069340}: 'void java.lang.invoke.DirectMethodHandle$Holder.invokeStatic(java.lang.Object, int)'> (0x000000008d069340) 
thrown [s\open\src\hotspot\share\interpreter\linkResolver.cpp, line 759]
Event: 74.599 Thread 0x00000175bf1ec320 Exception <a 'java/lang/NoSuchMethodError'{0x000000008d06ca48}: 'void java.lang.invoke.DirectMethodHandle$Holder.invokeStaticInit(java.lang.Object, int)'> (0x000000008d06ca48) 
thrown [s\open\src\hotspot\share\interpreter\linkResolver.cpp, line 759]
Event: 74.599 Thread 0x00000175bf1ec320 Exception <a 'java/lang/NoSuchMethodError'{0x000000008d072560}: 'void java.lang.invoke.DirectMethodHandle$Holder.invokeSpecial(java.lang.Object, java.lang.Object, int)'> (0x000000008d072560) 
thrown [s\open\src\hotspot\share\interpreter\linkResolver.cpp, line 759]
Event: 74.718 Thread 0x00000175bf1ec320 Exception <a 'java/lang/reflect/InvocationTargetException'{0x000000008cd83af0}> (0x000000008cd83af0) 
thrown [s\open\src\hotspot\share\runtime\reflection.cpp, line 1121]
Event: 74.820 Thread 0x00000175bf1ec320 Exception <a 'java/lang/NoSuchMethodError'{0x000000008cb63348}: 'int java.lang.invoke.DirectMethodHandle$Holder.invokeStatic(java.lang.Object, java.lang.Object, java.lang.Object, java.lang.Object, java.lang.Object)'> (0x000000008cb63348) 
thrown [s\open\src\hotspot\share\interpreter\linkResolver.cpp, line 759]
Event: 74.826 Thread 0x00000175bf1ec320 Exception <a 'java/lang/NoSuchMethodError'{0x000000008cb7e550}: 'void java.lang.invoke.DirectMethodHandle$Holder.invokeSpecial(java.lang.Object, java.lang.Object, java.lang.Object, java.lang.Object, java.lang.Object, java.lang.Object, java.lang.Object, java.lang.Object)'> (0x000000008cb7e550) 
thrown [s\open\src\hotspot\share\interpreter\linkResolver.cpp, line 759]
Event: 74.950 Thread 0x00000175bf1ec320 Exception <a 'java/lang/NoSuchMethodError'{0x000000008cab1380}: 'java.lang.Object java.lang.invoke.DirectMethodHandle$Holder.newInvokeSpecial(java.lang.Object, java.lang.Object, java.lang.Object, int)'> (0x000000008cab1380) 
thrown [s\open\src\hotspot\share\interpreter\linkResolver.cpp, line 759]
Event: 74.951 Thread 0x00000175bf1ec320 Exception <a 'java/lang/NoSuchMethodError'{0x000000008cab63b0}: 'java.lang.Object java.lang.invoke.DirectMethodHandle$Holder.invokeSpecial(java.lang.Object, java.lang.Object, java.lang.Object, java.lang.Object, int)'> (0x000000008cab63b0) 
thrown [s\open\src\hotspot\share\interpreter\linkResolver.cpp, line 759]
Event: 74.951 Thread 0x00000175bf1ec320 Exception <a 'java/lang/NoSuchMethodError'{0x000000008cabacc0}: 'java.lang.Object java.lang.invoke.Invokers$Holder.linkToTargetMethod(java.lang.Object, java.lang.Object, int, java.lang.Object)'> (0x000000008cabacc0) 
thrown [s\open\src\hotspot\share\interpreter\linkResolver.cpp, line 759]
Event: 75.068 Thread 0x00000175bf1ec320 Exception <a 'java/io/FileNotFoundException'{0x000000008c860b88}> (0x000000008c860b88) 
thrown [s\open\src\hotspot\share\prims\jni.cpp, line 516]
Event: 75.114 Thread 0x00000175bf1ec320 Exception <a 'sun/nio/fs/WindowsException'{0x000000008c751be0}> (0x000000008c751be0) 
thrown [s\open\src\hotspot\share\prims\jni.cpp, line 516]
Event: 75.189 Thread 0x00000175bf1ec320 Exception <a 'java/lang/NoSuchMethodError'{0x000000008c7ec280}: 'void java.lang.invoke.DirectMethodHandle$Holder.invokeSpecial(java.lang.Object, java.lang.Object, java.lang.Object, java.lang.Object, java.lang.Object, java.lang.Object, java.lang.Object)'> (0x000000008c7ec280) 
thrown [s\open\src\hotspot\share\interpreter\linkResolver.cpp, line 759]
Event: 75.190 Thread 0x00000175bf1ec320 Exception <a 'java/lang/NoSuchMethodError'{0x000000008c7f5c10}: 'java.lang.Object java.lang.invoke.DirectMethodHandle$Holder.newInvokeSpecial(java.lang.Object, java.lang.Object, java.lang.Object, java.lang.Object, java.lang.Object, java.lang.Object)'> (0x000000008c7f5c10) 
thrown [s\open\src\hotspot\share\interpreter\linkResolver.cpp, line 759]
Event: 75.242 Thread 0x00000175bf1ec320 Exception <a 'java/lang/NoSuchMethodError'{0x000000008c6c7bc8}: 'java.lang.Object java.lang.invoke.DirectMethodHandle$Holder.newInvokeSpecial(java.lang.Object, java.lang.Object, long, java.lang.Object)'> (0x000000008c6c7bc8) 
thrown [s\open\src\hotspot\share\interpreter\linkResolver.cpp, line 759]
Event: 75.369 Thread 0x00000175bf1ec320 Exception <a 'java/lang/NoSuchMethodError'{0x000000008c409000}: 'java.lang.Object java.lang.invoke.Invokers$Holder.linkToTargetMethod(java.lang.Object, int, java.lang.Object, java.lang.Object, java.lang.Object, java.lang.Object)'> (0x000000008c409000) 
thrown [s\open\src\hotspot\share\interpreter\linkResolver.cpp, line 759]
Event: 75.370 Thread 0x00000175bf1ec320 Exception <a 'java/lang/NoSuchMethodError'{0x000000008c40db38}: 'java.lang.Object java.lang.invoke.DirectMethodHandle$Holder.invokeStatic(java.lang.Object, java.lang.Object, java.lang.Object, int, java.lang.Object, java.lang.Object)'> (0x000000008c40db38) 
thrown [s\open\src\hotspot\share\interpreter\linkResolver.cpp, line 759]
Event: 75.399 Thread 0x00000175bf1ec320 Exception <a 'java/lang/NoSuchMethodError'{0x000000008c447668}: 'java.lang.Object java.lang.invoke.DirectMethodHandle$Holder.newInvokeSpecial(java.lang.Object, java.lang.Object, java.lang.Object, java.lang.Object, int, java.lang.Object)'> (0x000000008c447668) 
thrown [s\open\src\hotspot\share\interpreter\linkResolver.cpp, line 759]
Event: 75.399 Thread 0x00000175bf1ec320 Exception <a 'java/lang/NoSuchMethodError'{0x000000008c44b730}: 'java.lang.Object java.lang.invoke.DirectMethodHandle$Holder.invokeSpecial(java.lang.Object, java.lang.Object, java.lang.Object, java.lang.Object, java.lang.Object, int, java.lang.Object)'> (0x000000008c44b730) 
thrown [s\open\src\hotspot\share\interpreter\linkResolver.cpp, line 759]
Event: 75.400 Thread 0x00000175bf1ec320 Exception <a 'java/lang/NoSuchMethodError'{0x000000008c44f060}: 'java.lang.Object java.lang.invoke.Invokers$Holder.linkToTargetMethod(java.lang.Object, java.lang.Object, java.lang.Object, int, java.lang.Object, java.lang.Object)'> (0x000000008c44f060) 
thrown [s\open\src\hotspot\share\interpreter\linkResolver.cpp, line 759]
Event: 75.442 Thread 0x00000175bf1ec320 Exception <a 'java/lang/NoSuchMethodError'{0x000000008c4c7c30}: 'void java.lang.invoke.DirectMethodHandle$Holder.invokeStaticInit(java.lang.Object)'> (0x000000008c4c7c30) 
thrown [s\open\src\hotspot\share\interpreter\linkResolver.cpp, line 759]

VM Operations (20 events):
Event: 20.525 Executing VM operation: HandshakeAllThreads
Event: 20.525 Executing VM operation: HandshakeAllThreads done
Event: 20.946 Executing VM operation: HandshakeAllThreads
Event: 20.946 Executing VM operation: HandshakeAllThreads done
Event: 21.947 Executing VM operation: Cleanup
Event: 21.947 Executing VM operation: Cleanup done
Event: 23.948 Executing VM operation: Cleanup
Event: 23.948 Executing VM operation: Cleanup done
Event: 50.961 Executing VM operation: Cleanup
Event: 50.961 Executing VM operation: Cleanup done
Event: 74.770 Executing VM operation: HandshakeAllThreads
Event: 74.771 Executing VM operation: HandshakeAllThreads done
Event: 74.771 Executing VM operation: Cleanup
Event: 74.771 Executing VM operation: Cleanup done
Event: 75.091 Executing VM operation: HandshakeAllThreads
Event: 75.092 Executing VM operation: HandshakeAllThreads done
Event: 76.091 Executing VM operation: Cleanup
Event: 76.091 Executing VM operation: Cleanup done
Event: 79.092 Executing VM operation: Cleanup
Event: 79.092 Executing VM operation: Cleanup done

Events (20 events):
Event: 75.330 loading class sun/nio/ch/NativeSocketAddress done
Event: 75.338 loading class sun/nio/ch/DatagramSocketAdaptor
Event: 75.341 loading class java/net/MulticastSocket
Event: 75.344 loading class java/net/MulticastSocket done
Event: 75.344 loading class sun/nio/ch/DatagramSocketAdaptor done
Event: 75.347 loading class java/net/DatagramSocket$1
Event: 75.347 loading class java/net/DatagramSocket$1 done
Event: 75.348 loading class sun/nio/ch/DatagramSocketAdaptor$DatagramSockets
Event: 75.350 loading class sun/nio/ch/DatagramSocketAdaptor$DatagramSockets done
Event: 75.365 loading class java/nio/channels/UnsupportedAddressTypeException
Event: 75.366 loading class java/nio/channels/UnsupportedAddressTypeException done
Event: 78.236 Thread 0x0000017605591ae0 Thread exited: 0x0000017605591ae0
Event: 78.257 loading class sun/nio/ch/IOVecWrapper
Event: 78.257 loading class sun/nio/ch/IOVecWrapper done
Event: 78.257 loading class sun/nio/ch/AllocatedNativeObject
Event: 78.257 loading class sun/nio/ch/NativeObject
Event: 78.258 loading class sun/nio/ch/NativeObject done
Event: 78.258 loading class sun/nio/ch/AllocatedNativeObject done
Event: 78.258 loading class sun/nio/ch/IOVecWrapper$Deallocator
Event: 78.259 loading class sun/nio/ch/IOVecWrapper$Deallocator done


Dynamic libraries:
0x00007ff76cd30000 - 0x00007ff76cd40000 	C:\Program Files\Java\jdk-17.0.9\bin\java.exe
0x00007ff8ceb50000 - 0x00007ff8ced3d000 	C:\Windows\SYSTEM32\ntdll.dll
0x00007ff8cc890000 - 0x00007ff8cc943000 	C:\Windows\System32\KERNEL32.DLL
0x00007ff8cafa0000 - 0x00007ff8cb233000 	C:\Windows\System32\KERNELBASE.dll
0x00007ff8cae50000 - 0x00007ff8caf4c000 	C:\Windows\System32\ucrtbase.dll
0x00007ff8c76b0000 - 0x00007ff8c76c9000 	C:\Program Files\Java\jdk-17.0.9\bin\jli.dll
0x00007ff8cc9c0000 - 0x00007ff8cca63000 	C:\Windows\System32\ADVAPI32.dll
0x00007ff8ccc40000 - 0x00007ff8cccde000 	C:\Windows\System32\msvcrt.dll
0x00007ff8cc7c0000 - 0x00007ff8cc85e000 	C:\Windows\System32\sechost.dll
0x00007ff8ccea0000 - 0x00007ff8ccfc3000 	C:\Windows\System32\RPCRT4.dll
0x00007ff8cc3f0000 - 0x00007ff8cc587000 	C:\Windows\System32\USER32.dll
0x00007ff8cb340000 - 0x00007ff8cb360000 	C:\Windows\System32\win32u.dll
0x00007ff8cc860000 - 0x00007ff8cc889000 	C:\Windows\System32\GDI32.dll
0x00007ff8cbb30000 - 0x00007ff8cbcca000 	C:\Windows\System32\gdi32full.dll
0x00007ff8cb2a0000 - 0x00007ff8cb340000 	C:\Windows\System32\msvcp_win.dll
0x00007ff8abc00000 - 0x00007ff8abe79000 	C:\Windows\WinSxS\amd64_microsoft.windows.common-controls_6595b64144ccf1df_6.0.17763.134_none_05b3373a07211a5c\COMCTL32.dll
0x00007ff8cc0c0000 - 0x00007ff8cc3ed000 	C:\Windows\System32\combase.dll
0x00007ff8cb360000 - 0x00007ff8cb3de000 	C:\Windows\System32\bcryptPrimitives.dll
0x00007ff8c5c80000 - 0x00007ff8c5c8a000 	C:\Windows\SYSTEM32\VERSION.dll
0x00007ff8c7780000 - 0x00007ff8c779b000 	C:\Program Files\Java\jdk-17.0.9\bin\VCRUNTIME140.dll
0x00007ff8cbfd0000 - 0x00007ff8cbffe000 	C:\Windows\System32\IMM32.DLL
0x00007ff8c8920000 - 0x00007ff8c892c000 	C:\Program Files\Java\jdk-17.0.9\bin\vcruntime140_1.dll
0x00007ff8bc9b0000 - 0x00007ff8bca3e000 	C:\Program Files\Java\jdk-17.0.9\bin\msvcp140.dll
0x00007ff88a600000 - 0x00007ff88b1e1000 	C:\Program Files\Java\jdk-17.0.9\bin\server\jvm.dll
0x00007ff8ce5f0000 - 0x00007ff8ce5f8000 	C:\Windows\System32\PSAPI.DLL
0x00007ff8b59e0000 - 0x00007ff8b59e9000 	C:\Windows\SYSTEM32\WSOCK32.dll
0x00007ff8c8630000 - 0x00007ff8c8654000 	C:\Windows\SYSTEM32\WINMM.dll
0x00007ff8cc950000 - 0x00007ff8cc9bd000 	C:\Windows\System32\WS2_32.dll
0x00007ff8c8600000 - 0x00007ff8c862d000 	C:\Windows\SYSTEM32\WINMMBASE.dll
0x00007ff8cac20000 - 0x00007ff8cac6a000 	C:\Windows\System32\cfgmgr32.dll
0x00007ff8cab50000 - 0x00007ff8cab61000 	C:\Windows\System32\kernel.appcore.dll
0x00007ff8c8890000 - 0x00007ff8c889a000 	C:\Program Files\Java\jdk-17.0.9\bin\jimage.dll
0x00007ff8b73a0000 - 0x00007ff8b758d000 	C:\Windows\SYSTEM32\DBGHELP.DLL
0x00007ff8b6590000 - 0x00007ff8b65ba000 	C:\Windows\SYSTEM32\dbgcore.DLL
0x00007ff8c6070000 - 0x00007ff8c607e000 	C:\Program Files\Java\jdk-17.0.9\bin\instrument.dll
0x00007ff8c7680000 - 0x00007ff8c76a5000 	C:\Program Files\Java\jdk-17.0.9\bin\java.dll
0x00007ff8bc840000 - 0x00007ff8bc917000 	C:\Program Files\Java\jdk-17.0.9\bin\jsvml.dll
0x00007ff8cd100000 - 0x00007ff8ce5ef000 	C:\Windows\System32\SHELL32.dll
0x00007ff8cbde0000 - 0x00007ff8cbe88000 	C:\Windows\System32\shcore.dll
0x00007ff8cb3e0000 - 0x00007ff8cbb28000 	C:\Windows\System32\windows.storage.dll
0x00007ff8cab90000 - 0x00007ff8cabb4000 	C:\Windows\System32\profapi.dll
0x00007ff8cabc0000 - 0x00007ff8cac1d000 	C:\Windows\System32\powrprof.dll
0x00007ff8cbd80000 - 0x00007ff8cbdd2000 	C:\Windows\System32\shlwapi.dll
0x00007ff8caf80000 - 0x00007ff8caf97000 	C:\Windows\System32\cryptsp.dll
0x00007ff8c6b80000 - 0x00007ff8c6b98000 	C:\Program Files\Java\jdk-17.0.9\bin\zip.dll
0x00007ff8c7610000 - 0x00007ff8c7629000 	C:\Program Files\Java\jdk-17.0.9\bin\net.dll
0x00007ff8bd050000 - 0x00007ff8bd141000 	C:\Windows\SYSTEM32\WINHTTP.dll
0x00007ff8ca3e0000 - 0x00007ff8ca447000 	C:\Windows\system32\mswsock.dll
0x00007ff8c6ba0000 - 0x00007ff8c6bb6000 	C:\Program Files\Java\jdk-17.0.9\bin\nio.dll
0x00007ff8c14c0000 - 0x00007ff8c14da000 	C:\Program Files\JetBrains\IntelliJ IDEA Community Edition 2023.3.2\intelij\IntelliJ IDEA Community Edition 2023.3.2\bin\breakgen64.dll
0x00007ff8ca140000 - 0x00007ff8ca17d000 	C:\Windows\SYSTEM32\IPHLPAPI.DLL
0x00007ff8cbf10000 - 0x00007ff8cbf18000 	C:\Windows\System32\NSI.dll
0x00007ff8c42b0000 - 0x00007ff8c42c6000 	C:\Windows\SYSTEM32\dhcpcsvc6.DLL
0x00007ff8c4ec0000 - 0x00007ff8c4edc000 	C:\Windows\SYSTEM32\dhcpcsvc.DLL
0x00007ff8ca180000 - 0x00007ff8ca246000 	C:\Windows\SYSTEM32\DNSAPI.dll
0x00007ff8bc650000 - 0x00007ff8bc65a000 	C:\Windows\System32\rasadhlp.dll
0x00007ff8bca40000 - 0x00007ff8bcab9000 	C:\Windows\System32\fwpuclnt.dll
0x00007ff8caf50000 - 0x00007ff8caf76000 	C:\Windows\System32\bcrypt.dll
0x00007ff8c9fa0000 - 0x00007ff8c9fd3000 	C:\Windows\system32\rsaenh.dll
0x00007ff8caa50000 - 0x00007ff8caa78000 	C:\Windows\SYSTEM32\USERENV.dll
0x00007ff8ca5b0000 - 0x00007ff8ca5bc000 	C:\Windows\SYSTEM32\CRYPTBASE.dll
0x00007ff8c47f0000 - 0x00007ff8c47fa000 	C:\Program Files\Java\jdk-17.0.9\bin\management.dll
0x00007ff8c4730000 - 0x00007ff8c473b000 	C:\Program Files\Java\jdk-17.0.9\bin\management_ext.dll
0x00007ff8c76d0000 - 0x00007ff8c76de000 	C:\Program Files\Java\jdk-17.0.9\bin\sunmscapi.dll
0x00007ff8cac70000 - 0x00007ff8cae4b000 	C:\Windows\System32\CRYPT32.dll
0x00007ff8cab70000 - 0x00007ff8cab82000 	C:\Windows\System32\MSASN1.dll
0x00007ff8ca6a0000 - 0x00007ff8ca6c6000 	C:\Windows\SYSTEM32\ncrypt.dll
0x00007ff8ca660000 - 0x00007ff8ca69c000 	C:\Windows\SYSTEM32\NTASN1.dll
0x00007ff8c7770000 - 0x00007ff8c7780000 	C:\Program Files\Java\jdk-17.0.9\bin\verify.dll
0x00007ff8c45a0000 - 0x00007ff8c45a7000 	C:\Windows\system32\wshunix.dll
0x00007ff8ab900000 - 0x00007ff8ab916000 	C:\Windows\system32\napinsp.dll
0x00007ff8ab8c0000 - 0x00007ff8ab8da000 	C:\Windows\system32\pnrpnsp.dll
0x00007ff8ab8b0000 - 0x00007ff8ab8be000 	C:\Windows\System32\winrnr.dll
0x00007ff8c7580000 - 0x00007ff8c759b000 	C:\Windows\system32\NLAapi.dll
0x00007ff8c3110000 - 0x00007ff8c3125000 	C:\Windows\system32\wshbth.dll

dbghelp: loaded successfully - version: 4.0.5 - missing functions: none
symbol engine: initialized successfully - sym options: 0x614 - pdb path: .;C:\Program Files\Java\jdk-17.0.9\bin;C:\Windows\SYSTEM32;C:\Windows\WinSxS\amd64_microsoft.windows.common-controls_6595b64144ccf1df_6.0.17763.134_none_05b3373a07211a5c;C:\Program Files\Java\jdk-17.0.9\bin\server;C:\Program Files\JetBrains\IntelliJ IDEA Community Edition 2023.3.2\intelij\IntelliJ IDEA Community Edition 2023.3.2\bin

VM Arguments:
jvm_args: -javaagent:C:\Program Files\JetBrains\IntelliJ IDEA Community Edition 2023.3.2\intelij\IntelliJ IDEA Community Edition 2023.3.2\lib\idea_rt.jar=7881:C:\Program Files\JetBrains\IntelliJ IDEA Community Edition 2023.3.2\intelij\IntelliJ IDEA Community Edition 2023.3.2\bin -Dfile.encoding=UTF-8 
java_command: com.apigateway.ApiGatewayApplication
java_class_path (initial): E:\myblog-microservices\api-gateway\target\classes;C:\Users\LENOVO L460\.m2\repository\org\springframework\boot\spring-boot-starter-webflux\3.1.8\spring-boot-starter-webflux-3.1.8.jar;C:\Users\LENOVO L460\.m2\repository\org\springframework\boot\spring-boot-starter\3.1.8\spring-boot-starter-3.1.8.jar;C:\Users\LENOVO L460\.m2\repository\org\springframework\boot\spring-boot\3.1.8\spring-boot-3.1.8.jar;C:\Users\LENOVO L460\.m2\repository\org\springframework\spring-context\6.0.16\spring-context-6.0.16.jar;C:\Users\LENOVO L460\.m2\repository\org\springframework\spring-aop\6.0.16\spring-aop-6.0.16.jar;C:\Users\LENOVO L460\.m2\repository\org\springframework\spring-expression\6.0.16\spring-expression-6.0.16.jar;C:\Users\LENOVO L460\.m2\repository\org\springframework\boot\spring-boot-autoconfigure\3.1.8\spring-boot-autoconfigure-3.1.8.jar;C:\Users\LENOVO L460\.m2\repository\org\springframework\boot\spring-boot-starter-logging\3.1.8\spring-boot-starter-logging-3.1.8.jar;C:\Users\LENOVO L460\.m2\repository\ch\qos\logback\logback-classic\1.4.14\logback-classic-1.4.14.jar;C:\Users\LENOVO L460\.m2\repository\ch\qos\logback\logback-core\1.4.14\logback-core-1.4.14.jar;C:\Users\LENOVO L460\.m2\repository\org\apache\logging\log4j\log4j-to-slf4j\2.20.0\log4j-to-slf4j-2.20.0.jar;C:\Users\LENOVO L460\.m2\repository\org\apache\logging\log4j\log4j-api\2.20.0\log4j-api-2.20.0.jar;C:\Users\LENOVO L460\.m2\repository\org\slf4j\jul-to-slf4j\2.0.11\jul-to-slf4j-2.0.11.jar;C:\Users\LENOVO L460\.m2\repository\jakarta\annotation\jakarta.annotation-api\2.1.1\jakarta.annotation-api-2.1.1.jar;C:\Users\LENOVO L460\.m2\repository\org\yaml\snakeyaml\1.33\snakeyaml-1.33.jar;C:\Users\LENOVO L460\.m2\repository\org\springframework\boot\spring-boot-starter-json\3.1.8\spring-boot-starter-json-3.1.8.jar;C:\Users\LENOVO L460\.m2\repository\com\fasterxml\jackson\core\jackson-databind\2.15.3\jackson-databind-2.15.3.jar;C:\Users\LENOVO L460\.m2\repository\com\fasterxml\jackson\datatyp
Launcher Type: SUN_STANDARD

[Global flags]
     intx CICompilerCount                          = 3                                         {product} {ergonomic}
     uint ConcGCThreads                            = 1                                         {product} {ergonomic}
     uint G1ConcRefinementThreads                  = 4                                         {product} {ergonomic}
   size_t G1HeapRegionSize                         = 1048576                                   {product} {ergonomic}
    uintx GCDrainStackTargetSize                   = 64                                        {product} {ergonomic}
   size_t InitialHeapSize                          = 125829120                                 {product} {ergonomic}
   size_t MarkStackSize                            = 4194304                                   {product} {ergonomic}
   size_t MaxHeapSize                              = 1998585856                                {product} {ergonomic}
   size_t MaxNewSize                               = 1198522368                                {product} {ergonomic}
   size_t MinHeapDeltaBytes                        = 1048576                                   {product} {ergonomic}
   size_t MinHeapSize                              = 8388608                                   {product} {ergonomic}
    uintx NonNMethodCodeHeapSize                   = 5832780                                {pd product} {ergonomic}
    uintx NonProfiledCodeHeapSize                  = 122912730                              {pd product} {ergonomic}
    uintx ProfiledCodeHeapSize                     = 122912730                              {pd product} {ergonomic}
    uintx ReservedCodeCacheSize                    = 251658240                              {pd product} {ergonomic}
     bool SegmentedCodeCache                       = true                                      {product} {ergonomic}
   size_t SoftMaxHeapSize                          = 1998585856                             {manageable} {ergonomic}
     bool UseCompressedClassPointers               = true                           {product lp64_product} {ergonomic}
     bool UseCompressedOops                        = true                           {product lp64_product} {ergonomic}
     bool UseG1GC                                  = true                                      {product} {ergonomic}
     bool UseLargePagesIndividualAllocation        = false                                  {pd product} {ergonomic}

Logging:
Log output configuration:
 #0: stdout all=warning uptime,level,tags
 #1: stderr all=off uptime,level,tags

Environment Variables:
PATH=D:\Oracle\dbhomeXE\bin;C:\Program Files (x86)\Common Files\Oracle\Java\javapath;C:\Windows\system32;C:\Windows;C:\Windows\System32\Wbem;C:\Windows\System32\WindowsPowerShell\v1.0\;C:\Program Files\Git\cmd;C:\Program Files\MySQL\MySQL Shell 8.0\bin\;C:\Users\LENOVO L460\AppData\Local\Microsoft\WindowsApps;C:\Users\LENOVO L460\AppData\Local\Programs\Microsoft VS Code\bin;C:\Program Files\MongoDB\Server\7.0\bin;
USERNAME=LENOVO L460
OS=Windows_NT
PROCESSOR_IDENTIFIER=Intel64 Family 6 Model 78 Stepping 3, GenuineIntel



---------------  S Y S T E M  ---------------

OS:
 Windows 10 , 64 bit Build 17763 (10.0.17763.1)
OS uptime: 10 days 0:03 hours

CPU: total 4 (initial active 4) (2 cores per cpu, 2 threads per core) family 6 model 78 stepping 3 microcode 0xc6, cx8, cmov, fxsr, ht, mmx, 3dnowpref, sse, sse2, sse3, ssse3, sse4.1, sse4.2, popcnt, lzcnt, tsc, tscinvbit, avx, avx2, aes, erms, clmul, bmi1, bmi2, adx, fma, vzeroupper, clflush, clflushopt

Memory: 4k page, system-wide physical 7619M (804M free)
TotalPageFile size 16369M (AvailPageFile size 15M)
current process WorkingSet (physical memory assigned to process): 224M, peak: 257M
current process commit charge ("private bytes"): 262M, peak: 294M

vm_info: Java HotSpot(TM) 64-Bit Server VM (17.0.9+11-LTS-201) for windows-amd64 JRE (17.0.9+11-LTS-201), built on Oct 10 2023 23:16:06 by "mach5one" with MS VC++ 17.1 (VS2022)

END.
